<?xml version="1.0" encoding="UTF-8"?>
<testsuite name="LRUCacheTest" tests="5" skipped="0" failures="0" errors="0" timestamp="2021-09-29T10:49:53" hostname="asus" time="0.037">
  <properties/>
  <testcase name="rewritingTest()" classname="LRUCacheTest" time="0.029"/>
  <testcase name="isEmptyTest()" classname="LRUCacheTest" time="0.001"/>
  <testcase name="putTest()" classname="LRUCacheTest" time="0.001"/>
  <testcase name="getTest()" classname="LRUCacheTest" time="0.001"/>
  <testcase name="getNullTest()" classname="LRUCacheTest" time="0.003"/>
  <system-out><![CDATA[]]></system-out>
  <system-err><![CDATA[]]></system-err>
</testsuite>
